2022-06-20 18:00:30,987 link is https://www.google.com/maps/place/Canadian+pizza+hyderi+North+Nazimabad+karachi/@24.9351996,67.0447235,17z/data=!3m1!4b1!4m6!3m5!1s0x3eb33f7bb68cb12f:0x4c8dd37a8a75a190!8m2!3d24.9351996!4d67.0447235!16s%2Fg%2F11ptyvg5mw?authuser=0&hl=en
2022-06-20 18:00:31,249 Query data has been created successfully!
2022-06-20 18:05:40,086 link is https://www.google.com/maps/place/Canadian+pizza+hyderi+North+Nazimabad+karachi/@24.9351996,67.0447235,17z/data=!3m1!4b1!4m6!3m5!1s0x3eb33f7bb68cb12f:0x4c8dd37a8a75a190!8m2!3d24.9351996!4d67.0447235!16s%2Fg%2F11ptyvg5mw?authuser=0&hl=en
2022-06-20 18:05:40,143 Data already exits in query table.
2022-06-20 18:06:02,773 link is https://www.google.com/maps/place/Canadian+pizza+hyderi+North+Nazimabad+karachi/@24.9351996,67.0447235,17z/data=!3m1!4b1!4m6!3m5!1s0x3eb33f7bb68cb12f:0x4c8dd37a8a75a190!8m2!3d24.9351996!4d67.0447235!16s%2Fg%2F11ptyvg5mw?authuser=0&hl=en
2022-06-20 18:06:02,809 Data already exits in query table.
2022-06-20 18:06:04,035 link is https://www.google.com/maps/place/Canadian+pizza+hyderi+North+Nazimabad+karachi/@24.9351996,67.0447235,17z/data=!3m1!4b1!4m6!3m5!1s0x3eb33f7bb68cb12f:0x4c8dd37a8a75a190!8m2!3d24.9351996!4d67.0447235!16s%2Fg%2F11ptyvg5mw?authuser=0&hl=en
2022-06-20 18:06:04,050 Data already exits in query table.
2022-06-20 18:06:56,451 link is https://www.google.com/maps/place/Canadian+pizza+hyderi+North+Nazimabad+karachi/@24.9351996,67.0447235,17z/data=!3m1!4b1!4m6!3m5!1s0x3eb33f7bb68cb12f:0x4c8dd37a8a75a190!8m2!3d24.9351996!4d67.0447235!16s%2Fg%2F11ptyvg5mw?authuser=0&hl=en
2022-06-20 18:06:56,470 Data already exits in query table.
2022-06-20 18:07:29,822 link is https://www.google.com/maps/place/Canadian+pizza+hyderi+North+Nazimabad+karachi/@24.9351996,67.0447235,17z/data=!3m1!4b1!4m6!3m5!1s0x3eb33f7bb68cb12f:0x4c8dd37a8a75a190!8m2!3d24.9351996!4d67.0447235!16s%2Fg%2F11ptyvg5mw?authuser=0&hl=en
2022-06-20 18:07:29,844 Query data has been created successfully!
2022-06-20 18:13:29,274 link is https://www.google.com/maps/place/DoubleTree+by+Hilton+Frankfurt+Niederrad/@50.0817101,8.6725213,13z/data=!4m8!3m7!1s0x47bd0b4f8cae026b:0x205f81e51ed76932!5m2!4m1!1i2!8m2!3d50.0805237!4d8.6282652
2022-06-20 18:13:29,309 Query data has been created successfully!
2022-06-21 10:17:45,516 link is https://www.google.com/maps/place/Hotel+NH+Frankfurt+Niederrad/@50.0849885,8.6275379,17z/data=!3m1!4b1!4m8!3m7!1s0x47bd0bbe846acb53:0x25511e0f1c7d1c9!5m2!4m1!1i2!8m2!3d50.0849851!4d8.6297266
2022-06-21 10:17:45,683 Query data has been created successfully!
2022-06-21 10:20:22,030 link is https://www.google.com/maps/place/Hotel+NH+Frankfurt+Niederrad/@50.0849885,8.6275379,17z/data=!3m1!4b1!4m8!3m7!1s0x47bd0bbe846acb53:0x25511e0f1c7d1c9!5m2!4m1!1i2!8m2!3d50.0849851!4d8.6297266
2022-06-21 10:20:22,071 Query data has been created successfully!
2022-06-21 10:21:55,638 link is https://www.google.com/maps/place/Hotel+NH+Frankfurt+Niederrad/@50.0849885,8.6275379,17z/data=!3m1!4b1!4m8!3m7!1s0x47bd0bbe846acb53:0x25511e0f1c7d1c9!5m2!4m1!1i2!8m2!3d50.0849851!4d8.6297266
2022-06-21 10:21:55,705 Query data has been created successfully!
2022-06-21 10:48:12,626 link is https://www.google.com/maps/place/Hotel+NH+Frankfurt+Niederrad/@50.0849885,8.6275379,17z/data=!3m1!4b1!4m8!3m7!1s0x47bd0bbe846acb53:0x25511e0f1c7d1c9!5m2!4m1!1i2!8m2!3d50.0849851!4d8.6297266
2022-06-21 10:48:12,657 Data already exits in query table.
2022-06-21 10:48:49,935 link is https://www.google.com/maps/place/Hotel+NH+Frankfurt+Niederrad/@50.0849885,8.6275379,17z/data=!3m1!4b1!4m8!3m7!1s0x47bd0bbe846acb53:0x25511e0f1c7d1c9!5m2!4m1!1i2!8m2!3d50.0849851!4d8.6297266
2022-06-21 10:48:49,963 Query data has been created successfully!
2022-06-21 15:36:03,727 link is https://www.google.com/maps/place/Hampton+by+Hilton+Berlin+City+West/@52.5049807,13.3236751,17z/data=!4m8!3m7!1s0x47a850fc5858e025:0x8fbedf29d1630d4d!5m2!4m1!1i2!8m2!3d52.5049775!4d13.3258638
2022-06-21 15:36:03,932 Query data has been created successfully!
2022-06-21 15:43:01,175 link is # string = "https://www.google.com/maps/place/Hampton+by+Hilton+Berlin+City+West/@52.5049807,13.3236751,17z/data=!4m8!3m7!1s0x47a850fc5858e025:0x8fbedf29d1630d4d!5m2!4m1!1i2!8m2!3d52.5049775!4d13.3258638"
2022-06-21 15:43:01,241 Query data has been created successfully!
2022-06-21 15:44:25,690 link is https://www.google.com/maps/place/Hampton+by+Hilton+Berlin+City+West/@52.5049807,13.3236751,17z/data=!4m8!3m7!1s0x47a850fc5858e025:0x8fbedf29d1630d4d!5m2!4m1!1i2!8m2!3d52.5049775!4d13.3258638
2022-06-21 15:44:25,737 Query data has been created successfully!
2022-06-21 16:06:35,487 link is https://www.google.com/maps/place/Hampton+by+Hilton+Berlin+City+West/@52.5049807,13.3236751,17z/data=!4m8!3m7!1s0x47a850fc5858e025:0x8fbedf29d1630d4d!5m2!4m1!1i2!8m2!3d52.5049775!4d13.3258638
2022-06-21 16:06:35,537 Query data has been created successfully!
2022-06-29 10:20:51,011 link is https://www.google.com/maps/place/Marhaba+Restaurant/@24.8707026,67.0481405,17z/data=!4m8!3m7!1s0x3eb33e8a3d1a48b9:0x47a692fec2eca525!8m2!3d24.870706!4d67.0481427!9m1!1b1!16s%2Fg%2F11b6mlphph?authuser=0&hl=en
2022-06-29 10:20:51,158 Query data has been created successfully!
2022-06-29 11:16:16,467 link is https://www.google.com/maps/place/Marhaba+Restaurant/@24.8707026,67.0481405,17z/data=!4m8!3m7!1s0x3eb33e8a3d1a48b9:0x47a692fec2eca525!8m2!3d24.870706!4d67.0481427!9m1!1b1!16s%2Fg%2F11b6mlphph?authuser=0&hl=en
2022-06-29 11:16:16,496 Data already exits in query table.
2022-06-29 11:19:32,989 link is https://www.google.com/maps/place/Marhaba+Restaurant/@24.8707026,67.0481405,17z/data=!4m8!3m7!1s0x3eb33e8a3d1a48b9:0x47a692fec2eca525!8m2!3d24.870706!4d67.0481427!9m1!1b1!16s%2Fg%2F11b6mlphph?authuser=0&hl=en
2022-06-29 11:19:33,024 Query data has been created successfully!
2022-06-29 13:42:18,169 link is https://www.google.com/maps/place/Marhaba+Restaurant/@24.8707026,67.0481405,17z/data=!4m6!3m5!1s0x3eb33e8a3d1a48b9:0x47a692fec2eca525!8m2!3d24.870706!4d67.0481427!16s%2Fg%2F11b6mlphph?authuser=0&hl=en
2022-06-29 13:42:18,311 Query data has been created successfully!
2022-06-29 13:43:02,899 link is https://www.google.com/maps/place/Marhaba+Restaurant/@24.8707026,67.0481405,17z/data=!4m6!3m5!1s0x3eb33e8a3d1a48b9:0x47a692fec2eca525!8m2!3d24.870706!4d67.0481427!16s%2Fg%2F11b6mlphph?authuser=0&hl=en
2022-06-29 13:43:02,936 Data already exits in query table.
2022-06-29 13:51:38,244 link is https://www.google.com/maps/place/Marhaba+Restaurant/@24.8707026,67.0481405,17z/data=!4m6!3m5!1s0x3eb33e8a3d1a48b9:0x47a692fec2eca525!8m2!3d24.870706!4d67.0481427!16s%2Fg%2F11b6mlphph?authuser=0&hl=en
2022-06-29 13:51:38,273 Data already exits in query table.
